[debug] [2021-08-25T11:11:38.201Z] ----------------------------------------------------------------------
[debug] [2021-08-25T11:11:38.203Z] Command:       C:\Program Files\nodejs\node.exe C:\Users\veron\AppData\Roaming\npm\node_modules\firebase-tools\lib\bin\firebase.js deploy
[debug] [2021-08-25T11:11:38.204Z] CLI Version:   9.16.5
[debug] [2021-08-25T11:11:38.204Z] Platform:      win32
[debug] [2021-08-25T11:11:38.204Z] Node Version:  v14.17.3
[debug] [2021-08-25T11:11:38.205Z] Time:          Wed Aug 25 2021 14:11:38 GMT+0300 (Eastern European Summer Time)
[debug] [2021-08-25T11:11:38.205Z] ----------------------------------------------------------------------
[debug] 
[debug] [2021-08-25T11:11:38.249Z] > command requires scopes: ["email","openid","https://www.googleapis.com/auth/cloudplatformprojects.readonly","https://www.googleapis.com/auth/firebase","https://www.googleapis.com/auth/cloud-platform"]
[debug] [2021-08-25T11:11:38.250Z] > authorizing via signed-in user (veronica.tomescu@gmail.com)
[debug] [2021-08-25T11:11:38.250Z] [iam] checking project leafletmapgson for permissions ["firebase.projects.get","firebasedatabase.instances.update","firebasehosting.sites.update"]
[debug] [2021-08-25T11:11:38.251Z] > refreshing access token with scopes: ["email","https://www.googleapis.com/auth/cloud-platform","https://www.googleapis.com/auth/cloudplatformprojects.readonly","https://www.googleapis.com/auth/firebase","openid"]
[debug] [2021-08-25T11:11:38.252Z] >>> HTTP REQUEST POST https://www.googleapis.com/oauth2/v3/token  
 <request body omitted>
[debug] [2021-08-25T11:11:38.482Z] <<< HTTP RESPONSE 200 {"cache-control":"no-cache, no-store, max-age=0, must-revalidate","date":"Wed, 25 Aug 2021 11:11:39 GMT","expires":"Mon, 01 Jan 1990 00:00:00 GMT","pragma":"no-cache","content-type":"application/json; charset=utf-8","vary":"X-Origin, Referer, Origin,Accept-Encoding","server":"scaffolding on HTTPServer2","x-xss-protection":"0","x-frame-options":"SAMEORIGIN","x-content-type-options":"nosniff","alt-svc":"h3=\":443\"; ma=2592000,h3-29=\":443\"; ma=2592000,h3-T051=\":443\"; ma=2592000,h3-Q050=\":443\"; ma=2592000,h3-Q046=\":443\"; ma=2592000,h3-Q043=\":443\"; ma=2592000,quic=\":443\"; ma=2592000; v=\"46,43\"","accept-ranges":"none","transfer-encoding":"chunked"}
[debug] [2021-08-25T11:11:38.490Z] >>> HTTP REQUEST POST https://cloudresourcemanager.googleapis.com/v1/projects/leafletmapgson:testIamPermissions  
 {"permissions":["firebase.projects.get","firebasedatabase.instances.update","firebasehosting.sites.update"]}
[debug] [2021-08-25T11:11:39.413Z] <<< HTTP RESPONSE 200 {"content-type":"application/json; charset=UTF-8","vary":"X-Origin, Referer, Origin,Accept-Encoding","date":"Wed, 25 Aug 2021 11:11:40 GMT","server":"ESF","cache-control":"private","x-xss-protection":"0","x-frame-options":"SAMEORIGIN","x-content-type-options":"nosniff","server-timing":"gfet4t7; dur=751","alt-svc":"h3=\":443\"; ma=2592000,h3-29=\":443\"; ma=2592000,h3-T051=\":443\"; ma=2592000,h3-Q050=\":443\"; ma=2592000,h3-Q046=\":443\"; ma=2592000,h3-Q043=\":443\"; ma=2592000,quic=\":443\"; ma=2592000; v=\"46,43\"","accept-ranges":"none","transfer-encoding":"chunked"}
[debug] [2021-08-25T11:11:39.414Z] > refreshing access token with scopes: []
[debug] [2021-08-25T11:11:39.415Z] >>> HTTP REQUEST POST https://www.googleapis.com/oauth2/v3/token  
 <request body omitted>
[debug] [2021-08-25T11:11:39.634Z] <<< HTTP RESPONSE 200 {"expires":"Mon, 01 Jan 1990 00:00:00 GMT","cache-control":"no-cache, no-store, max-age=0, must-revalidate","date":"Wed, 25 Aug 2021 11:11:41 GMT","pragma":"no-cache","content-type":"application/json; charset=utf-8","vary":"X-Origin, Referer, Origin,Accept-Encoding","server":"scaffolding on HTTPServer2","x-xss-protection":"0","x-frame-options":"SAMEORIGIN","x-content-type-options":"nosniff","alt-svc":"h3=\":443\"; ma=2592000,h3-29=\":443\"; ma=2592000,h3-T051=\":443\"; ma=2592000,h3-Q050=\":443\"; ma=2592000,h3-Q046=\":443\"; ma=2592000,h3-Q043=\":443\"; ma=2592000,quic=\":443\"; ma=2592000; v=\"46,43\"","accept-ranges":"none","transfer-encoding":"chunked"}
[debug] [2021-08-25T11:11:39.659Z] >>> [apiv2][query] GET https://firebase.googleapis.com/v1beta1/projects/leafletmapgson [none]
[debug] [2021-08-25T11:11:40.073Z] <<< [apiv2][status] GET https://firebase.googleapis.com/v1beta1/projects/leafletmapgson 200
[debug] [2021-08-25T11:11:40.073Z] <<< [apiv2][body] GET https://firebase.googleapis.com/v1beta1/projects/leafletmapgson {"projectId":"leafletmapgson","projectNumber":"119150674012","displayName":"leafletmapgson","name":"projects/leafletmapgson","resources":{"hostingSite":"leafletmapgson","realtimeDatabaseInstance":"leafletmapgson-default-rtdb"},"state":"ACTIVE"}
[debug] [2021-08-25T11:11:40.073Z] >>> [apiv2][query] GET https://firebase.googleapis.com/v1beta1/projects/leafletmapgson [none]
[debug] [2021-08-25T11:11:40.412Z] <<< [apiv2][status] GET https://firebase.googleapis.com/v1beta1/projects/leafletmapgson 200
[debug] [2021-08-25T11:11:40.412Z] <<< [apiv2][body] GET https://firebase.googleapis.com/v1beta1/projects/leafletmapgson {"projectId":"leafletmapgson","projectNumber":"119150674012","displayName":"leafletmapgson","name":"projects/leafletmapgson","resources":{"hostingSite":"leafletmapgson","realtimeDatabaseInstance":"leafletmapgson-default-rtdb"},"state":"ACTIVE"}
[info] 
[info] === Deploying to 'leafletmapgson'...
[info] 
[info] i  deploying database, hosting 
[info] i  database: checking rules syntax... 
[debug] [2021-08-25T11:11:40.416Z] > refreshing access token with scopes: ["email","https://www.googleapis.com/auth/cloud-platform","https://www.googleapis.com/auth/cloudplatformprojects.readonly","https://www.googleapis.com/auth/firebase","openid"]
[debug] [2021-08-25T11:11:40.416Z] >>> HTTP REQUEST POST https://www.googleapis.com/oauth2/v3/token  
 <request body omitted>
[debug] [2021-08-25T11:11:40.660Z] <<< HTTP RESPONSE 200 {"date":"Wed, 25 Aug 2021 11:11:42 GMT","pragma":"no-cache","cache-control":"no-cache, no-store, max-age=0, must-revalidate","expires":"Mon, 01 Jan 1990 00:00:00 GMT","content-type":"application/json; charset=utf-8","vary":"X-Origin, Referer, Origin,Accept-Encoding","server":"scaffolding on HTTPServer2","x-xss-protection":"0","x-frame-options":"SAMEORIGIN","x-content-type-options":"nosniff","alt-svc":"h3=\":443\"; ma=2592000,h3-29=\":443\"; ma=2592000,h3-T051=\":443\"; ma=2592000,h3-Q050=\":443\"; ma=2592000,h3-Q046=\":443\"; ma=2592000,h3-Q043=\":443\"; ma=2592000,quic=\":443\"; ma=2592000; v=\"46,43\"","accept-ranges":"none","transfer-encoding":"chunked"}
[debug] [2021-08-25T11:11:40.676Z] >>> HTTP REQUEST GET https://firebasedatabase.googleapis.com/v1beta/projects/leafletmapgson/locations/-/instances/leafletmapgson-default-rtdb  
 
[debug] [2021-08-25T11:11:41.187Z] <<< HTTP RESPONSE 200 {"content-type":"application/json; charset=UTF-8","vary":"X-Origin, Referer, Origin,Accept-Encoding","date":"Wed, 25 Aug 2021 11:11:42 GMT","server":"ESF","cache-control":"private","x-xss-protection":"0","x-frame-options":"SAMEORIGIN","x-content-type-options":"nosniff","alt-svc":"h3=\":443\"; ma=2592000,h3-29=\":443\"; ma=2592000,h3-T051=\":443\"; ma=2592000,h3-Q050=\":443\"; ma=2592000,h3-Q046=\":443\"; ma=2592000,h3-Q043=\":443\"; ma=2592000,quic=\":443\"; ma=2592000; v=\"46,43\"","accept-ranges":"none","transfer-encoding":"chunked"}
[debug] [2021-08-25T11:11:41.188Z] >>> HTTP REQUEST PUT https://leafletmapgson-default-rtdb.firebaseio.com/.settings/rules.json?dryRun=true  
 {
  /* Visit https://firebase.google.com/docs/database/security to learn more about security rules. */
  "rules": {
    ".read": false,
    ".write": false
  }
}
[debug] [2021-08-25T11:11:41.757Z] <<< HTTP RESPONSE 200 {"server":"nginx","date":"Wed, 25 Aug 2021 11:11:43 GMT","content-type":"application/json; charset=utf-8","content-length":"15","connection":"keep-alive","access-control-allow-origin":"*","cache-control":"no-cache","strict-transport-security":"max-age=31556926; includeSubDomains; preload"}
[info] +  database: rules syntax for database leafletmapgson-default-rtdb is valid 
[debug] [2021-08-25T11:11:41.767Z] >>> HTTP REQUEST POST https://firebasehosting.googleapis.com/v1beta1/sites/leafletmapgson/versions  
 {"config":{},"labels":{"deployment-tool":"cli-firebase"}}
[debug] [2021-08-25T11:11:43.256Z] <<< HTTP RESPONSE 200 {"content-type":"application/json; charset=UTF-8","vary":"X-Origin, Referer, Origin,Accept-Encoding","date":"Wed, 25 Aug 2021 11:11:44 GMT","server":"ESF","cache-control":"private","x-xss-protection":"0","x-frame-options":"SAMEORIGIN","x-content-type-options":"nosniff","alt-svc":"h3=\":443\"; ma=2592000,h3-29=\":443\"; ma=2592000,h3-T051=\":443\"; ma=2592000,h3-Q050=\":443\"; ma=2592000,h3-Q046=\":443\"; ma=2592000,h3-Q043=\":443\"; ma=2592000,quic=\":443\"; ma=2592000; v=\"46,43\"","accept-ranges":"none","transfer-encoding":"chunked"}
[info] i  hosting[leafletmapgson]: beginning deploy... 
[info] i  hosting[leafletmapgson]: found 21 files in build 
